Started GET "/" for 127.0.0.1 at 2018-03-06 17:48:52 +0100
  
ActionController::RoutingError (uninitialized constant ShowsController):
  
activesupport (5.0.6) lib/active_support/inflector/methods.rb:268:in `const_get'
activesupport (5.0.6) lib/active_support/inflector/methods.rb:268:in `block in constantize'
activesupport (5.0.6) lib/active_support/inflector/methods.rb:266:in `each'
activesupport (5.0.6) lib/active_support/inflector/methods.rb:266:in `inject'
activesupport (5.0.6) lib/active_support/inflector/methods.rb:266:in `constantize'
actionpack (5.0.6) lib/action_dispatch/http/request.rb:81:in `controller_class'
actionpack (5.0.6) lib/action_dispatch/routing/route_set.rb:44:in `controller'
actionpack (5.0.6) lib/action_dispatch/routing/route_set.rb:30:in `serve'
actionpack (5.0.6) lib/action_dispatch/journey/router.rb:39:in `block in serve'
actionpack (5.0.6) lib/action_dispatch/journey/router.rb:26:in `each'
actionpack (5.0.6) lib/action_dispatch/journey/router.rb:26:in `serve'
actionpack (5.0.6) lib/action_dispatch/routing/route_set.rb:727:in `call'
rack (2.0.4) lib/rack/etag.rb:25:in `call'
rack (2.0.4) lib/rack/conditional_get.rb:25:in `call'
rack (2.0.4) lib/rack/head.rb:12:in `call'
rack (2.0.4) lib/rack/session/abstract/id.rb:232:in `context'
rack (2.0.4) lib/rack/session/abstract/id.rb:226:in `call'
actionpack (5.0.6) lib/action_dispatch/middleware/cookies.rb:613:in `call'
activerecord (5.0.6) lib/active_record/migration.rb:553:in `call'
actionpack (5.0.6) lib/action_dispatch/middleware/callbacks.rb:38:in `block in call'
activesupport (5.0.6) lib/active_support/callbacks.rb:97:in `__run_callbacks__'
activesupport (5.0.6) lib/active_support/callbacks.rb:750:in `_run_call_callbacks'
activesupport (5.0.6) lib/active_support/callbacks.rb:90:in `run_callbacks'
actionpack (5.0.6) lib/action_dispatch/middleware/callbacks.rb:36:in `call'
actionpack (5.0.6) lib/action_dispatch/middleware/executor.rb:12:in `call'
actionpack (5.0.6) lib/action_dispatch/middleware/remote_ip.rb:79:in `call'
actionpack (5.0.6) lib/action_dispatch/middleware/debug_exceptions.rb:49:in `call'
web-console (3.5.1) lib/web_console/middleware.rb:135:in `call_app'
web-console (3.5.1) lib/web_console/middleware.rb:28:in `block in call'
web-console (3.5.1) lib/web_console/middleware.rb:18:in `catch'
web-console (3.5.1) lib/web_console/middleware.rb:18:in `call'
actionpack (5.0.6) lib/action_dispatch/middleware/show_exceptions.rb:31:in `call'
railties (5.0.6) lib/rails/rack/logger.rb:36:in `call_app'
railties (5.0.6) lib/rails/rack/logger.rb:24:in `block in call'
activesupport (5.0.6) lib/active_support/tagged_logging.rb:69:in `block in tagged'
activesupport (5.0.6) lib/active_support/tagged_logging.rb:26:in `tagged'
activesupport (5.0.6) lib/active_support/tagged_logging.rb:69:in `tagged'
railties (5.0.6) lib/rails/rack/logger.rb:24:in `call'
sprockets-rails (3.2.1) lib/sprockets/rails/quiet_assets.rb:13:in `call'
actionpack (5.0.6) lib/action_dispatch/middleware/request_id.rb:24:in `call'
rack (2.0.4) lib/rack/method_override.rb:22:in `call'
rack (2.0.4) lib/rack/runtime.rb:22:in `call'
activesupport (5.0.6) lib/active_support/cache/strategy/local_cache_middleware.rb:28:in `call'
actionpack (5.0.6) lib/action_dispatch/middleware/executor.rb:12:in `call'
actionpack (5.0.6) lib/action_dispatch/middleware/static.rb:136:in `call'
rack (2.0.4) lib/rack/sendfile.rb:111:in `call'
railties (5.0.6) lib/rails/engine.rb:522:in `call'
puma (3.11.3) lib/puma/configuration.rb:225:in `call'
puma (3.11.3) lib/puma/server.rb:624:in `handle_request'
puma (3.11.3) lib/puma/server.rb:438:in `process_client'
puma (3.11.3) lib/puma/server.rb:302:in `block in run'
puma (3.11.3) lib/puma/thread_pool.rb:120:in `block in spawn_thread'
  Rendering /Users/kanji/.rbenv/versions/2.3.0/lib/ruby/gems/2.3.0/gems/actionpack-5.0.6/lib/action_dispatch/middleware/templates/rescues/routing_error.html.erb within rescues/layout
  Rendering /Users/kanji/.rbenv/versions/2.3.0/lib/ruby/gems/2.3.0/gems/actionpack-5.0.6/lib/action_dispatch/middleware/templates/rescues/_trace.html.erb
  Rendered /Users/kanji/.rbenv/versions/2.3.0/lib/ruby/gems/2.3.0/gems/actionpack-5.0.6/lib/action_dispatch/middleware/templates/rescues/_trace.html.erb (2.0ms)
  Rendered collection of /Users/kanji/.rbenv/versions/2.3.0/lib/ruby/gems/2.3.0/gems/actionpack-5.0.6/lib/action_dispatch/middleware/templates/routes/_route.html.erb [1 times] (13.0ms)
  Rendered /Users/kanji/.rbenv/versions/2.3.0/lib/ruby/gems/2.3.0/gems/actionpack-5.0.6/lib/action_dispatch/middleware/templates/routes/_table.html.erb (48.2ms)
  Rendering /Users/kanji/.rbenv/versions/2.3.0/lib/ruby/gems/2.3.0/gems/actionpack-5.0.6/lib/action_dispatch/middleware/templates/rescues/_request_and_response.html.erb
  Rendered /Users/kanji/.rbenv/versions/2.3.0/lib/ruby/gems/2.3.0/gems/actionpack-5.0.6/lib/action_dispatch/middleware/templates/rescues/_request_and_response.html.erb (13.1ms)
  Rendered /Users/kanji/.rbenv/versions/2.3.0/lib/ruby/gems/2.3.0/gems/actionpack-5.0.6/lib/action_dispatch/middleware/templates/rescues/routing_error.html.erb within rescues/layout (460.0ms)
Started GET "/" for 127.0.0.1 at 2018-03-06 17:50:54 +0100
Processing by ShowsController#index as HTML
  Rendering shows/index.html.erb within layouts/application
  Rendered shows/_explain.html.erb (0.8ms)
  Rendered shows/index.html.erb within layouts/application (5.5ms)
  Rendered shared/_navbar.html.erb (0.3ms)
Completed 200 OK in 439ms (Views: 435.0ms | ActiveRecord: 0.0ms)


Started GET "/" for 127.0.0.1 at 2018-03-06 17:52:01 +0100
Processing by ShowsController#index as HTML
  Rendering shows/index.html.erb within layouts/application
  Rendered shows/_explain.html.erb (0.4ms)
  Rendered shows/index.html.erb within layouts/application (6.8ms)
  Rendered shared/_navbar.html.erb (0.4ms)
Completed 200 OK in 115ms (Views: 95.5ms | ActiveRecord: 0.0ms)


Started GET "/" for 127.0.0.1 at 2018-03-06 18:02:21 +0100
Processing by ShowsController#index as HTML
  Rendering shows/index.html.erb within layouts/application
  Rendered shows/_explain.html.erb (1.1ms)
  Rendered shows/index.html.erb within layouts/application (15.1ms)
  Rendered shared/_navbar.html.erb (1.1ms)
Completed 200 OK in 109ms (Views: 98.6ms | ActiveRecord: 0.0ms)


Started GET "/" for 127.0.0.1 at 2018-03-06 18:02:21 +0100
Processing by ShowsController#index as HTML
  Rendering shows/index.html.erb within layouts/application
  Rendered shows/_explain.html.erb (1.6ms)
  Rendered shows/index.html.erb within layouts/application (8.5ms)
  Rendered shared/_navbar.html.erb (1.6ms)
Completed 200 OK in 81ms (Views: 78.0ms | ActiveRecord: 0.0ms)


Started GET "/" for 127.0.0.1 at 2018-03-06 20:33:57 +0100
Processing by ShowsController#index as HTML
  Rendering shows/index.html.erb within layouts/application
  Rendered shows/_explain.html.erb (11.1ms)
  Rendered shows/index.html.erb within layouts/application (134.8ms)
  Rendered shared/_navbar.html.erb (11.2ms)
Completed 200 OK in 571ms (Views: 535.8ms | ActiveRecord: 0.0ms)


Started GET "/" for 127.0.0.1 at 2018-03-06 20:35:41 +0100
Processing by ShowsController#index as HTML
  Rendering shows/index.html.erb within layouts/application
  Rendered shows/_explain.html.erb (0.5ms)
  Rendered shows/index.html.erb within layouts/application (9.0ms)
  Rendered shared/_navbar.html.erb (0.3ms)
Completed 200 OK in 62ms (Views: 58.3ms | ActiveRecord: 0.0ms)


Started GET "/" for 127.0.0.1 at 2018-03-06 20:35:54 +0100
Processing by ShowsController#index as HTML
  Rendering shows/index.html.erb within layouts/application
  Rendered shows/_explain.html.erb (2.3ms)
  Rendered shows/index.html.erb within layouts/application (9.5ms)
  Rendered shared/_navbar.html.erb (0.5ms)
Completed 200 OK in 57ms (Views: 52.7ms | ActiveRecord: 0.0ms)


Started GET "/" for 127.0.0.1 at 2018-03-06 20:37:08 +0100
Processing by ShowsController#index as HTML
  Rendering shows/index.html.erb within layouts/application
  Rendered shows/_explain.html.erb (0.8ms)
  Rendered shows/index.html.erb within layouts/application (21.7ms)
  Rendered shared/_navbar.html.erb (0.8ms)
Completed 200 OK in 82ms (Views: 70.5ms | ActiveRecord: 0.0ms)


Started GET "/" for 127.0.0.1 at 2018-03-06 20:38:23 +0100
Processing by ShowsController#index as HTML
  Rendering shows/index.html.erb within layouts/application
  Rendered shows/_explain.html.erb (0.7ms)
  Rendered shows/index.html.erb within layouts/application (12.9ms)
  Rendered shared/_navbar.html.erb (0.6ms)
Completed 200 OK in 151ms (Views: 117.9ms | ActiveRecord: 0.0ms)


Started GET "/" for 127.0.0.1 at 2018-03-06 20:39:02 +0100
Processing by ShowsController#index as HTML
  Rendering shows/index.html.erb within layouts/application
  Rendered shows/_explain.html.erb (1.0ms)
  Rendered shows/index.html.erb within layouts/application (7.5ms)
  Rendered shared/_navbar.html.erb (0.5ms)
Completed 200 OK in 65ms (Views: 54.2ms | ActiveRecord: 0.0ms)


Started GET "/" for 127.0.0.1 at 2018-03-06 20:39:16 +0100
Processing by ShowsController#index as HTML
  Rendering shows/index.html.erb within layouts/application
  Rendered shows/_explain.html.erb (0.8ms)
  Rendered shows/index.html.erb within layouts/application (5.4ms)
  Rendered shared/_navbar.html.erb (0.6ms)
Completed 200 OK in 54ms (Views: 47.1ms | ActiveRecord: 0.0ms)


